D:\桌面\NB_SDK2.3.0 资料\NB_SDK2.3.0_D1.1.1\build\msvc\\..\..\out\Win32\Debug\CMIoT.lib
D:\桌面\NB_SDK2.3.0 资料\NB_SDK2.3.0_D1.1.1\BUILD\MSVC\PRJ_CMIOT\DEBUG\AES.OBJ
D:\桌面\NB_SDK2.3.0 资料\NB_SDK2.3.0_D1.1.1\BUILD\MSVC\PRJ_CMIOT\DEBUG\CCM.OBJ
D:\桌面\NB_SDK2.3.0 资料\NB_SDK2.3.0_D1.1.1\BUILD\MSVC\PRJ_CMIOT\DEBUG\CIS_AES.OBJ
D:\桌面\NB_SDK2.3.0 资料\NB_SDK2.3.0_D1.1.1\BUILD\MSVC\PRJ_CMIOT\DEBUG\CIS_BLOCK1.OBJ
D:\桌面\NB_SDK2.3.0 资料\NB_SDK2.3.0_D1.1.1\BUILD\MSVC\PRJ_CMIOT\DEBUG\CIS_BOOTSTRAP.OBJ
D:\桌面\NB_SDK2.3.0 资料\NB_SDK2.3.0_D1.1.1\BUILD\MSVC\PRJ_CMIOT\DEBUG\CIS_CONFIG.OBJ
D:\桌面\NB_SDK2.3.0 资料\NB_SDK2.3.0_D1.1.1\BUILD\MSVC\PRJ_CMIOT\DEBUG\CIS_CORE.OBJ
D:\桌面\NB_SDK2.3.0 资料\NB_SDK2.3.0_D1.1.1\BUILD\MSVC\PRJ_CMIOT\DEBUG\CIS_DATA.OBJ
D:\桌面\NB_SDK2.3.0 资料\NB_SDK2.3.0_D1.1.1\BUILD\MSVC\PRJ_CMIOT\DEBUG\CIS_DISCOVER.OBJ
D:\桌面\NB_SDK2.3.0 资料\NB_SDK2.3.0_D1.1.1\BUILD\MSVC\PRJ_CMIOT\DEBUG\CIS_JSON.OBJ
D:\桌面\NB_SDK2.3.0 资料\NB_SDK2.3.0_D1.1.1\BUILD\MSVC\PRJ_CMIOT\DEBUG\CIS_LIST.OBJ
D:\桌面\NB_SDK2.3.0 资料\NB_SDK2.3.0_D1.1.1\BUILD\MSVC\PRJ_CMIOT\DEBUG\CIS_LOG.OBJ
D:\桌面\NB_SDK2.3.0 资料\NB_SDK2.3.0_D1.1.1\BUILD\MSVC\PRJ_CMIOT\DEBUG\CIS_MANAGEMENT.OBJ
D:\桌面\NB_SDK2.3.0 资料\NB_SDK2.3.0_D1.1.1\BUILD\MSVC\PRJ_CMIOT\DEBUG\CIS_MEMTRACE.OBJ
D:\桌面\NB_SDK2.3.0 资料\NB_SDK2.3.0_D1.1.1\BUILD\MSVC\PRJ_CMIOT\DEBUG\CIS_OBJECT_CMDHDEFECVALUES.OBJ
D:\桌面\NB_SDK2.3.0 资料\NB_SDK2.3.0_D1.1.1\BUILD\MSVC\PRJ_CMIOT\DEBUG\CIS_OBJECT_CONN_MONITER.OBJ
D:\桌面\NB_SDK2.3.0 资料\NB_SDK2.3.0_D1.1.1\BUILD\MSVC\PRJ_CMIOT\DEBUG\CIS_OBJECT_DEVICE.OBJ
D:\桌面\NB_SDK2.3.0 资料\NB_SDK2.3.0_D1.1.1\BUILD\MSVC\PRJ_CMIOT\DEBUG\CIS_OBJECT_EXTEND_MONITER.OBJ
D:\桌面\NB_SDK2.3.0 资料\NB_SDK2.3.0_D1.1.1\BUILD\MSVC\PRJ_CMIOT\DEBUG\CIS_OBJECT_FIRMWARE.OBJ
D:\桌面\NB_SDK2.3.0 资料\NB_SDK2.3.0_D1.1.1\BUILD\MSVC\PRJ_CMIOT\DEBUG\CIS_OBJECT_POWERUP_LOG.OBJ
D:\桌面\NB_SDK2.3.0 资料\NB_SDK2.3.0_D1.1.1\BUILD\MSVC\PRJ_CMIOT\DEBUG\CIS_OBJECTS.OBJ
D:\桌面\NB_SDK2.3.0 资料\NB_SDK2.3.0_D1.1.1\BUILD\MSVC\PRJ_CMIOT\DEBUG\CIS_OBSERVE.OBJ
D:\桌面\NB_SDK2.3.0 资料\NB_SDK2.3.0_D1.1.1\BUILD\MSVC\PRJ_CMIOT\DEBUG\CIS_PACKET.OBJ
D:\桌面\NB_SDK2.3.0 资料\NB_SDK2.3.0_D1.1.1\BUILD\MSVC\PRJ_CMIOT\DEBUG\CIS_REGISTRATION.OBJ
D:\桌面\NB_SDK2.3.0 资料\NB_SDK2.3.0_D1.1.1\BUILD\MSVC\PRJ_CMIOT\DEBUG\CIS_TLV.OBJ
D:\桌面\NB_SDK2.3.0 资料\NB_SDK2.3.0_D1.1.1\BUILD\MSVC\PRJ_CMIOT\DEBUG\CIS_TRANSACTION.OBJ
D:\桌面\NB_SDK2.3.0 资料\NB_SDK2.3.0_D1.1.1\BUILD\MSVC\PRJ_CMIOT\DEBUG\CIS_URI.OBJ
D:\桌面\NB_SDK2.3.0 资料\NB_SDK2.3.0_D1.1.1\BUILD\MSVC\PRJ_CMIOT\DEBUG\CIS_UTILS.OBJ
D:\桌面\NB_SDK2.3.0 资料\NB_SDK2.3.0_D1.1.1\build\msvc\prj_cmiot\Debug\cl.command.1.tlog
D:\桌面\NB_SDK2.3.0 资料\NB_SDK2.3.0_D1.1.1\build\msvc\prj_cmiot\Debug\CL.read.1.tlog
D:\桌面\NB_SDK2.3.0 资料\NB_SDK2.3.0_D1.1.1\build\msvc\prj_cmiot\Debug\CL.write.1.tlog
D:\桌面\NB_SDK2.3.0 资料\NB_SDK2.3.0_D1.1.1\build\msvc\prj_cmiot\Debug\CMIoT.write.1.tlog
D:\桌面\NB_SDK2.3.0 资料\NB_SDK2.3.0_D1.1.1\BUILD\MSVC\PRJ_CMIOT\DEBUG\CRYPTO.OBJ
D:\桌面\NB_SDK2.3.0 资料\NB_SDK2.3.0_D1.1.1\BUILD\MSVC\PRJ_CMIOT\DEBUG\DEBUG.OBJ
D:\桌面\NB_SDK2.3.0 资料\NB_SDK2.3.0_D1.1.1\BUILD\MSVC\PRJ_CMIOT\DEBUG\DM_ENDPOINT.OBJ
D:\桌面\NB_SDK2.3.0 资料\NB_SDK2.3.0_D1.1.1\BUILD\MSVC\PRJ_CMIOT\DEBUG\DTLS.OBJ
D:\桌面\NB_SDK2.3.0 资料\NB_SDK2.3.0_D1.1.1\BUILD\MSVC\PRJ_CMIOT\DEBUG\ECC.OBJ
D:\桌面\NB_SDK2.3.0 资料\NB_SDK2.3.0_D1.1.1\BUILD\MSVC\PRJ_CMIOT\DEBUG\ER-COAP-13.OBJ
D:\桌面\NB_SDK2.3.0 资料\NB_SDK2.3.0_D1.1.1\BUILD\MSVC\PRJ_CMIOT\DEBUG\HMAC.OBJ
D:\桌面\NB_SDK2.3.0 资料\NB_SDK2.3.0_D1.1.1\BUILD\MSVC\PRJ_CMIOT\DEBUG\J_BASE64.OBJ
D:\桌面\NB_SDK2.3.0 资料\NB_SDK2.3.0_D1.1.1\build\msvc\prj_cmiot\Debug\lib.command.1.tlog
D:\桌面\NB_SDK2.3.0 资料\NB_SDK2.3.0_D1.1.1\build\msvc\prj_cmiot\Debug\Lib-link.read.1.tlog
D:\桌面\NB_SDK2.3.0 资料\NB_SDK2.3.0_D1.1.1\build\msvc\prj_cmiot\Debug\Lib-link.write.1.tlog
D:\桌面\NB_SDK2.3.0 资料\NB_SDK2.3.0_D1.1.1\BUILD\MSVC\PRJ_CMIOT\DEBUG\NETQ.OBJ
D:\桌面\NB_SDK2.3.0 资料\NB_SDK2.3.0_D1.1.1\BUILD\MSVC\PRJ_CMIOT\DEBUG\PEER.OBJ
D:\桌面\NB_SDK2.3.0 资料\NB_SDK2.3.0_D1.1.1\BUILD\MSVC\PRJ_CMIOT\DEBUG\SHA2.OBJ
D:\桌面\NB_SDK2.3.0 资料\NB_SDK2.3.0_D1.1.1\BUILD\MSVC\PRJ_CMIOT\DEBUG\SHA256.OBJ
D:\桌面\NB_SDK2.3.0 资料\NB_SDK2.3.0_D1.1.1\BUILD\MSVC\PRJ_CMIOT\DEBUG\STD_OBJECT.OBJ
D:\桌面\NB_SDK2.3.0 资料\NB_SDK2.3.0_D1.1.1\BUILD\MSVC\PRJ_CMIOT\DEBUG\STD_OBJECT_SECURITY.OBJ
D:\桌面\NB_SDK2.3.0 资料\NB_SDK2.3.0_D1.1.1\build\msvc\prj_cmiot\Debug\vc100.idb
D:\桌面\NB_SDK2.3.0 资料\NB_SDK2.3.0_D1.1.1\BUILD\MSVC\PRJ_CMIOT\DEBUG\VC100.PDB
D:\桌面\NB_SDK2.3.0 资料\NB_SDK2.3.0_D1.1.1\OUT\WIN32\DEBUG\CMIOT.LIB
