D:\桌面\NB_SDK2.3.0 资料\NB_SDK2.3.0_D1.1.1\build\msvc\\..\..\out\Win32\Debug\WinSample.exe
D:\桌面\NB_SDK2.3.0 资料\NB_SDK2.3.0_D1.1.1\build\msvc\\..\..\out\Win32\Debug\WinSample.ilk
D:\桌面\NB_SDK2.3.0 资料\NB_SDK2.3.0_D1.1.1\build\msvc\\..\..\out\Win32\Debug\WinSample.pdb
D:\桌面\NB_SDK2.3.0 资料\NB_SDK2.3.0_D1.1.1\BUILD\MSVC\PRJ_SAMPLE\DEBUG\CIS_SAMPLE_DM_ENTRY.OBJ
D:\桌面\NB_SDK2.3.0 资料\NB_SDK2.3.0_D1.1.1\BUILD\MSVC\PRJ_SAMPLE\DEBUG\CIS_SAMPLE_ENTRY.OBJ
D:\桌面\NB_SDK2.3.0 资料\NB_SDK2.3.0_D1.1.1\BUILD\MSVC\PRJ_SAMPLE\DEBUG\CIS_SAMPLE_MAIN.OBJ
D:\桌面\NB_SDK2.3.0 资料\NB_SDK2.3.0_D1.1.1\build\msvc\prj_sample\Debug\cl.command.1.tlog
D:\桌面\NB_SDK2.3.0 资料\NB_SDK2.3.0_D1.1.1\build\msvc\prj_sample\Debug\CL.read.1.tlog
D:\桌面\NB_SDK2.3.0 资料\NB_SDK2.3.0_D1.1.1\build\msvc\prj_sample\Debug\CL.write.1.tlog
D:\桌面\NB_SDK2.3.0 资料\NB_SDK2.3.0_D1.1.1\build\msvc\prj_sample\Debug\link.command.1.tlog
D:\桌面\NB_SDK2.3.0 资料\NB_SDK2.3.0_D1.1.1\build\msvc\prj_sample\Debug\link.read.1.tlog
D:\桌面\NB_SDK2.3.0 资料\NB_SDK2.3.0_D1.1.1\build\msvc\prj_sample\Debug\link.write.1.tlog
D:\桌面\NB_SDK2.3.0 资料\NB_SDK2.3.0_D1.1.1\build\msvc\prj_sample\Debug\mt.command.1.tlog
D:\桌面\NB_SDK2.3.0 资料\NB_SDK2.3.0_D1.1.1\build\msvc\prj_sample\Debug\mt.read.1.tlog
D:\桌面\NB_SDK2.3.0 资料\NB_SDK2.3.0_D1.1.1\build\msvc\prj_sample\Debug\mt.write.1.tlog
D:\桌面\NB_SDK2.3.0 资料\NB_SDK2.3.0_D1.1.1\build\msvc\prj_sample\Debug\vc100.idb
D:\桌面\NB_SDK2.3.0 资料\NB_SDK2.3.0_D1.1.1\BUILD\MSVC\PRJ_SAMPLE\DEBUG\VC100.PDB
D:\桌面\NB_SDK2.3.0 资料\NB_SDK2.3.0_D1.1.1\BUILD\MSVC\PRJ_SAMPLE\DEBUG\WINSAMPLE.EXE.INTERMEDIATE.MANIFEST
D:\桌面\NB_SDK2.3.0 资料\NB_SDK2.3.0_D1.1.1\build\msvc\prj_sample\Debug\WinSample.write.1.tlog
D:\桌面\NB_SDK2.3.0 资料\NB_SDK2.3.0_D1.1.1\OUT\WIN32\DEBUG\WINSAMPLE.EXE
D:\桌面\NB_SDK2.3.0 资料\NB_SDK2.3.0_D1.1.1\out\Win32\Debug\WinSample.exp
D:\桌面\NB_SDK2.3.0 资料\NB_SDK2.3.0_D1.1.1\OUT\WIN32\DEBUG\WINSAMPLE.ILK
D:\桌面\NB_SDK2.3.0 资料\NB_SDK2.3.0_D1.1.1\out\Win32\Debug\WinSample.lib
D:\桌面\NB_SDK2.3.0 资料\NB_SDK2.3.0_D1.1.1\OUT\WIN32\DEBUG\WINSAMPLE.PDB
